Mon Jun 18 03:08:15 2012 [ INFO ]:	Socket: 3	SERVER STARTED
Mon Jun 18 03:08:24 2012 [ INFO ]:	Socket: 3	Is new socketId
Mon Jun 18 03:08:24 2012 [ INFO ]:	Socket: 3	New count of clients
Mon Jun 18 03:08:24 2012 [ INFO ]:	Socket: 6	CONNECT MESSAGE RECEIVED
Mon Jun 18 03:08:24 2012 [ DATA ]:	Socket: 6		Size: 0
Mon Jun 18 03:08:24 2012 [ INFO ]:	Socket: 6	MESSAGE DOWNLOAD RECEIVED
Mon Jun 18 03:08:24 2012 [ DATA ]:	Socket: 6	11234	Size: 0
Mon Jun 18 03:08:27 2012 [ INFO ]:	Socket: 6	SEND MEDIA FINISHED
Mon Jun 18 03:08:40 2012 [ INFO ]:	Socket: 3	Is new socketId
Mon Jun 18 03:08:40 2012 [ INFO ]:	Socket: 3	New count of clients
Mon Jun 18 03:08:40 2012 [ INFO ]:	Socket: 7	CONNECT MESSAGE RECEIVED
Mon Jun 18 03:08:40 2012 [ DATA ]:	Socket: 7		Size: 0
Mon Jun 18 03:08:40 2012 [ INFO ]:	Socket: 7	MESSAGE DOWNLOAD RECEIVED
Mon Jun 18 03:08:40 2012 [ DATA ]:	Socket: 7	11234	Size: 0
Mon Jun 18 03:08:43 2012 [ INFO ]:	Socket: 7	SEND MEDIA FINISHED
Mon Jun 18 03:09:15 2012 [ INFO ]:	Socket: 3	RUNNING CLEANER
Mon Jun 18 03:09:59 2012 [ INFO ]:	Socket: 3	Is new socketId
Mon Jun 18 03:09:59 2012 [ INFO ]:	Socket: 3	New count of clients
Mon Jun 18 03:09:59 2012 [ INFO ]:	Socket: 8	CONNECT MESSAGE RECEIVED
Mon Jun 18 03:09:59 2012 [ DATA ]:	Socket: 8		Size: 0
Mon Jun 18 03:09:59 2012 [ INFO ]:	Socket: 8	MESSAGE DOWNLOAD RECEIVED
Mon Jun 18 03:09:59 2012 [ DATA ]:	Socket: 8	11234	Size: 0
Mon Jun 18 03:10:03 2012 [ INFO ]:	Socket: 8	SEND MEDIA FINISHED
Mon Jun 18 03:10:15 2012 [ INFO ]:	Socket: 3	RUNNING CLEANER
Mon Jun 18 03:10:51 2012 [ INFO ]:	Socket: 3	Is new socketId
Mon Jun 18 03:10:51 2012 [ INFO ]:	Socket: 3	New count of clients
Mon Jun 18 03:10:51 2012 [ INFO ]:	Socket: 9	CONNECT MESSAGE RECEIVED
Mon Jun 18 03:10:51 2012 [ DATA ]:	Socket: 9		Size: 0
Mon Jun 18 03:10:51 2012 [ INFO ]:	Socket: 9	MESSAGE DOWNLOAD RECEIVED
Mon Jun 18 03:10:51 2012 [ DATA ]:	Socket: 9	11234	Size: 0
Mon Jun 18 03:10:54 2012 [ INFO ]:	Socket: 9	SEND MEDIA FINISHED
Mon Jun 18 03:11:05 2012 [ INFO ]:	Socket: 3	Is new socketId
Mon Jun 18 03:11:05 2012 [ INFO ]:	Socket: 3	New count of clients
Mon Jun 18 03:11:05 2012 [ INFO ]:	Socket: 10	CONNECT MESSAGE RECEIVED
Mon Jun 18 03:11:05 2012 [ DATA ]:	Socket: 10		Size: 0
Mon Jun 18 03:11:05 2012 [ INFO ]:	Socket: 10	MESSAGE DOWNLOAD RECEIVED
Mon Jun 18 03:11:05 2012 [ DATA ]:	Socket: 10	11234	Size: 0
Mon Jun 18 03:11:09 2012 [ INFO ]:	Socket: 10	SEND MEDIA FINISHED
Mon Jun 18 03:11:15 2012 [ INFO ]:	Socket: 3	RUNNING CLEANER
